TN:
SF:/afs/cats.ucsc.edu/users/u/srmadala/private/CSE111/Assignment4/src/radix.cc
FN:22,_Z11first_digitj
FNDA:637,_Z11first_digitj
FN:32,_Z12second_digitj
FNDA:637,_Z12second_digitj
FN:94,_ZNK10._anon_137clEjj
FNDA:1345,_ZNK10._anon_137clEjj
FN:99,_Z4srtrRSt6vectorIjSaIjEE
FNDA:270,_Z4srtrRSt6vectorIjSaIjEE
FN:103,_Z5extraRSt6vectorIS_IjSaIjEESaIS1_EEjjjj
FNDA:5,_Z5extraRSt6vectorIS_IjSaIjEESaIS1_EEjjjj
FN:117,_Z4workRSt6vectorIjSaIjEEj
FNDA:3,_Z4workRSt6vectorIjSaIjEEj
FN:166,_ZN17ParallelRadixSort3msdERSt6vectorISt17reference_wrapperIS0_IjSaIjEEESaIS4_EEj
FNDA:2,_ZN17ParallelRadixSort3msdERSt6vectorISt17reference_wrapperIS0_IjSaIjEEESaIS4_EEj
DA:22,6152
DA:23,6152
BRDA:23,0,0,5515
BRDA:23,0,1,637
DA:24,5515
DA:26,637
DA:32,5515
DA:33,5515
BRDA:33,0,0,4878
BRDA:33,0,1,637
DA:34,4878
DA:36,637
DA:37,637
DA:94,1345
DA:95,1345
DA:99,270
DA:100,270
DA:101,270
DA:103,5
DA:104,5
DA:105,5
BRDA:105,0,0,2
BRDA:105,0,1,3
DA:106,92
BRDA:106,0,0,90
BRDA:106,0,1,2
DA:107,90
DA:111,183
BRDA:111,0,0,180
BRDA:111,0,1,3
DA:112,180
DA:115,5
DA:117,3
DA:118,6
DA:119,643
BRDA:119,0,0,640
BRDA:119,0,1,3
DA:120,640
BRDA:120,0,0,3
BRDA:120,0,1,637
DA:121,3
DA:122,3
DA:125,637
DA:126,637
BRDA:126,0,0,479
BRDA:126,0,1,158
DA:127,479
DA:129,637
DA:130,637
DA:134,3
DA:136,3
DA:137,3
DA:140,6
DA:142,8
BRDA:142,0,0,5
BRDA:142,0,1,3
DA:143,5
BRDA:143,0,0,0
BRDA:143,0,1,5
DA:144,0
DA:146,5
DA:149,8
BRDA:149,0,0,5
BRDA:149,0,1,3
DA:150,5
DA:155,3
DA:156,174
BRDA:156,0,0,171
BRDA:156,0,1,3
DA:157,270
BRDA:157,0,0,99
BRDA:157,0,1,171
DA:158,99
DA:160,811
BRDA:160,0,0,640
BRDA:160,0,1,171
DA:161,640
DA:164,3
DA:166,2
DA:167,5
BRDA:167,0,0,3
BRDA:167,0,1,2
DA:168,3
DA:179,2
end_of_record
