TN:
SF:/afs/cats.ucsc.edu/users/u/srmadala/private/CSE111/Assignment5/src/radix.cc
FN:34,_Z11first_digitj
FNDA:8192,_Z11first_digitj
FN:44,_Z12second_digitj
FNDA:8192,_Z12second_digitj
FN:53,_ZNK10._anon_151clEjj
FNDA:41136,_ZNK10._anon_151clEjj
FN:58,_Z4srtrRSt6vectorIjSaIjEE
FNDA:720,_Z4srtrRSt6vectorIjSaIjEE
FN:62,_Z5extraRSt6vectorIS_IjSaIjEESaIS1_EEjjjj
FNDA:16,_Z5extraRSt6vectorIS_IjSaIjEESaIS1_EEjjjj
FN:76,_Z4workRSt6vectorIjSaIjEEj
FNDA:8,_Z4workRSt6vectorIjSaIjEEj
FN:107,_ZN11RadixServerC2Eij
FNDA:2,_ZN11RadixServerC2Eij
FN:156,_ZN11RadixClient3msdEPKciRSt6vectorISt17reference_wrapperIS2_IjSaIjEEESaIS6_EE
FNDA:2,_ZN11RadixClient3msdEPKciRSt6vectorISt17reference_wrapperIS2_IjSaIjEEESaIS6_EE
DA:34,79767
DA:35,79767
BRDA:35,0,0,71575
BRDA:35,0,1,8192
DA:36,71575
DA:38,8192
DA:44,71575
DA:45,71575
BRDA:45,0,0,63383
BRDA:45,0,1,8192
DA:46,63383
DA:48,8192
DA:49,8192
DA:53,41136
DA:54,41136
DA:58,720
DA:59,720
DA:60,720
DA:62,16
DA:63,16
DA:64,16
BRDA:64,0,0,8
BRDA:64,0,1,8
DA:65,368
BRDA:65,0,0,360
BRDA:65,0,1,8
DA:66,360
DA:70,368
BRDA:70,0,0,360
BRDA:70,0,1,8
DA:71,360
DA:74,16
DA:76,8
DA:77,16
DA:78,8200
BRDA:78,0,0,8192
BRDA:78,0,1,8
DA:79,8192
DA:80,8192
BRDA:80,0,0,6086
BRDA:80,0,1,2106
DA:81,6086
DA:83,8192
DA:84,8192
DA:86,8
DA:87,8
DA:88,8
DA:89,16
DA:90,24
BRDA:90,0,0,16
BRDA:90,0,1,8
DA:91,16
DA:94,24
BRDA:94,0,0,16
BRDA:94,0,1,8
DA:95,16
DA:97,8
DA:98,728
BRDA:98,0,0,720
BRDA:98,0,1,8
DA:99,720
BRDA:99,0,0,696
BRDA:99,0,1,24
DA:100,8888
BRDA:100,0,0,8192
BRDA:100,0,1,696
DA:101,8192
DA:105,8
DA:107,2
DA:109,2
DA:111,2
DA:112,2
DA:113,2
DA:114,2
DA:115,2
DA:116,2
DA:117,2
DA:118,4
BRDA:118,0,0,2
BRDA:118,0,1,2
DA:120,2
DA:121,2
DA:122,2
DA:123,2
DA:124,2
DA:125,2
DA:127,8202
DA:128,8202
BRDA:128,0,0,2
BRDA:128,0,1,8200
DA:129,2
DA:131,8200
DA:133,8200
BRDA:133,0,0,8
BRDA:133,0,1,8192
DA:134,8
DA:135,8
DA:136,8
DA:137,8200
BRDA:137,0,0,8192
BRDA:137,0,1,8
DA:138,8192
DA:139,8192
DA:141,8
DA:142,8
DA:143,8
DA:144,8
DA:147,8192
DA:149,8200
DA:150,2
DA:151,2
DA:153,2
DA:154,2
DA:156,2
DA:161,2
DA:163,2
DA:169,2
DA:170,2
DA:171,2
DA:173,2
DA:176,2
DA:178,2
DA:179,2
DA:180,10
BRDA:180,0,0,8
BRDA:180,0,1,2
DA:181,8
DA:182,8200
BRDA:182,0,0,8192
BRDA:182,0,1,8
DA:183,8192
DA:184,8192
DA:186,8
DA:187,8
DA:190,10
BRDA:190,0,0,8
BRDA:190,0,1,2
DA:191,16
DA:192,8
DA:193,8208
BRDA:193,0,0,8200
BRDA:193,0,1,8
DA:194,8200
DA:195,8200
DA:196,8200
BRDA:196,0,0,8
BRDA:196,0,1,8192
DA:197,8
DA:200,8192
DA:203,8
DA:204,8
DA:205,8
DA:209,2
DA:210,2
end_of_record
