TN:
SF:/afs/cats.ucsc.edu/users/u/srmadala/private/CSE111/Assignment3/src/Circle.cc
FN:10,_ZN6CircleC2ERK5Pointd
FNDA:408,_ZN6CircleC2ERK5Pointd
FN:19,_ZN6Circle11ContainedByERS_
FNDA:72,_ZN6Circle11ContainedByERS_
FN:25,_ZN6Circle11ContainedByER7Polygon
FNDA:28,_ZN6Circle11ContainedByER7Polygon
FN:49,_ZN6Circle11ContainedByER16ReuleauxTriangle
FNDA:28,_ZN6Circle11ContainedByER16ReuleauxTriangle
FN:63,_ZN6Circle6CenterEv
FNDA:604,_ZN6Circle6CenterEv
FN:68,_ZN6Circle6RadiusEv
FNDA:528,_ZN6Circle6RadiusEv
DA:10,408
DA:12,408
DA:13,408
DA:14,408
DA:19,72
DA:21,72
DA:25,28
DA:27,28
DA:28,28
DA:29,28
DA:30,28
BRDA:30,0,0,16
BRDA:30,0,1,12
DA:31,16
DA:33,56
BRDA:33,0,0,52
BRDA:33,0,1,4
DA:34,52
DA:35,52
DA:36,52
BRDA:36,0,0,44
BRDA:36,0,1,8
DA:37,44
DA:39,8
BRDA:39,0,0,8
BRDA:39,0,1,0
DA:40,8
DA:41,8
BRDA:41,0,0,8
BRDA:41,0,1,0
DA:42,8
DA:46,4
DA:49,28
DA:51,28
DA:52,28
DA:53,28
DA:54,28
DA:55,28
BRDA:55,0,0,8
BRDA:55,0,1,20
BRDA:55,0,2,8
BRDA:55,0,3,0
BRDA:55,0,4,8
BRDA:55,0,5,0
BRDA:55,0,6,8
BRDA:55,0,7,20
DA:56,8
DA:59,20
DA:63,604
DA:65,604
DA:68,528
DA:70,528
end_of_record
TN:
SF:/afs/cats.ucsc.edu/users/u/srmadala/private/CSE111/Assignment3/src/Reuleaux.cc
FN:11,_ZN16ReuleauxTriangleC2EPK5Point
FNDA:160,_ZN16ReuleauxTriangleC2EPK5Point
FN:18,_ZN16ReuleauxTriangle11ContainedByER6Circle
FNDA:80,_ZN16ReuleauxTriangle11ContainedByER6Circle
FN:43,_ZN16ReuleauxTriangle11ContainedByER7Polygon
FNDA:24,_ZN16ReuleauxTriangle11ContainedByER7Polygon
FN:59,_ZN16ReuleauxTriangle11ContainedByERS_
FNDA:28,_ZN16ReuleauxTriangle11ContainedByERS_
FN:73,_ZN16ReuleauxTriangle2v1Ev
FNDA:464,_ZN16ReuleauxTriangle2v1Ev
FN:78,_ZN16ReuleauxTriangle2v2Ev
FNDA:424,_ZN16ReuleauxTriangle2v2Ev
FN:83,_ZN16ReuleauxTriangle2v3Ev
FNDA:264,_ZN16ReuleauxTriangle2v3Ev
DA:11,160
DA:13,160
DA:14,160
DA:15,160
DA:16,160
DA:18,80
DA:20,80
DA:21,80
DA:22,80
DA:23,80
DA:24,80
DA:26,80
DA:27,60
BRDA:27,0,0,44
BRDA:27,0,1,16
DA:28,140
BRDA:28,0,0,60
BRDA:28,0,1,20
BRDA:28,0,2,40
BRDA:28,0,3,4
BRDA:28,0,4,40
BRDA:28,0,5,40
DA:29,40
DA:30,40
DA:31,40
DA:32,40
DA:33,40
BRDA:33,0,0,40
BRDA:33,0,1,0
DA:34,40
DA:38,40
DA:40,80
DA:43,24
DA:45,24
DA:46,24
DA:47,24
DA:48,24
DA:49,24
DA:50,24
DA:51,24
BRDA:51,0,0,12
BRDA:51,0,1,12
DA:52,12
DA:55,12
DA:59,28
DA:61,28
DA:62,28
DA:63,28
DA:64,28
DA:65,28
BRDA:65,0,0,12
BRDA:65,0,1,16
BRDA:65,0,2,12
BRDA:65,0,3,0
BRDA:65,0,4,8
BRDA:65,0,5,4
BRDA:65,0,6,8
BRDA:65,0,7,20
DA:66,8
DA:69,20
DA:73,464
DA:75,464
DA:78,424
DA:80,424
DA:83,264
DA:85,264
end_of_record
TN:
SF:/afs/cats.ucsc.edu/users/u/srmadala/private/CSE111/Assignment3/src/Geom.cc
FN:11,_ZN4Geom3sepERK5PointS2_
FNDA:652,_ZN4Geom3sepERK5PointS2_
FN:17,_ZN4Geom12intersectionERK5PointS2_S2_S2_
FNDA:336,_ZN4Geom12intersectionERK5PointS2_S2_S2_
FN:51,_ZN4Geom6inPolyESt6vectorI5PointSaIS1_EERS1_
FNDA:136,_ZN4Geom6inPolyESt6vectorI5PointSaIS1_EERS1_
FN:66,_ZN4Geom3mthERK5PointS2_S2_
FNDA:52,_ZN4Geom3mthERK5PointS2_S2_
DA:11,652
DA:12,652
DA:17,336
DA:19,336
DA:20,336
DA:21,336
DA:24,336
DA:25,336
DA:26,336
DA:28,336
DA:30,336
BRDA:30,0,0,16
BRDA:30,0,1,320
DA:31,16
DA:34,320
DA:35,320
DA:37,548
BRDA:37,0,0,72
BRDA:37,0,1,156
DA:38,72
BRDA:38,0,0,60
BRDA:38,0,1,12
BRDA:38,0,2,52
BRDA:38,0,3,8
DA:39,52
BRDA:39,0,0,36
BRDA:39,0,1,16
BRDA:39,0,2,16
BRDA:39,0,3,20
DA:40,548
BRDA:40,0,0,228
BRDA:40,0,1,92
BRDA:40,0,2,16
BRDA:40,0,3,0
BRDA:40,0,4,16
BRDA:40,0,5,0
BRDA:40,0,6,16
BRDA:40,0,7,304
DA:42,16
DA:45,304
DA:51,136
DA:53,136
DA:54,136
DA:55,136
DA:56,864
BRDA:56,0,0,728
BRDA:56,0,1,136
DA:57,936
BRDA:57,0,0,208
BRDA:57,0,1,520
BRDA:57,0,2,108
BRDA:57,0,3,620
DA:58,208
BRDA:58,0,0,108
BRDA:58,0,1,100
DA:60,108
DA:63,136
DA:66,52
DA:68,52
DA:69,52
DA:70,52
DA:71,52
DA:72,52
end_of_record
TN:
SF:/afs/cats.ucsc.edu/users/u/srmadala/private/CSE111/Assignment3/src/Polygon.cc
FN:14,_ZN7PolygonC2ESt6vectorI5PointSaIS1_EE
FNDA:160,_ZN7PolygonC2ESt6vectorI5PointSaIS1_EE
FN:21,_ZN7Polygon11ContainedByER6Circle
FNDA:100,_ZN7Polygon11ContainedByER6Circle
FN:38,_ZN7Polygon11ContainedByERS_
FNDA:28,_ZN7Polygon11ContainedByERS_
FN:84,_ZN7Polygon11ContainedByER16ReuleauxTriangle
FNDA:24,_ZN7Polygon11ContainedByER16ReuleauxTriangle
FN:98,_ZN7Polygon5vrtisEv
FNDA:2448,_ZN7Polygon5vrtisEv
DA:14,160
DA:16,1084
BRDA:16,0,0,924
BRDA:16,0,1,160
DA:17,924
DA:19,160
DA:21,100
DA:23,100
DA:24,100
BRDA:24,0,0,100
BRDA:24,0,1,0
DA:25,100
DA:26,100
BRDA:26,0,0,68
BRDA:26,0,1,32
DA:27,68
DA:28,68
DA:31,32
DA:32,32
DA:35,100
DA:38,28
DA:40,28
DA:41,52
BRDA:41,0,0,48
BRDA:41,0,1,4
DA:42,48
BRDA:42,0,0,24
BRDA:42,0,1,24
DA:43,24
DA:44,24
DA:46,24
BRDA:46,0,0,24
BRDA:46,0,1,0
BRDA:46,0,2,24
BRDA:46,0,3,0
BRDA:46,0,4,24
BRDA:46,0,5,0
BRDA:46,0,6,24
BRDA:46,0,7,0
BRDA:46,0,8,24
BRDA:46,0,9,0
BRDA:46,0,10,24
BRDA:46,0,11,0
BRDA:46,0,12,24
BRDA:46,0,13,0
DA:47,24
DA:50,28
BRDA:50,0,0,4
BRDA:50,0,1,24
DA:51,4
DA:53,92
BRDA:53,0,0,76
BRDA:53,0,1,16
DA:54,404
BRDA:54,0,0,336
BRDA:54,0,1,68
DA:55,336
DA:56,336
BRDA:56,0,0,16
BRDA:56,0,1,320
DA:57,16
BRDA:57,0,0,4
BRDA:57,0,1,12
BRDA:57,0,2,4
BRDA:57,0,3,0
BRDA:57,0,4,4
BRDA:57,0,5,12
BRDA:57,0,6,16
BRDA:57,0,7,0
BRDA:57,0,8,4
BRDA:57,0,9,12
DA:58,4
DA:59,4
BRDA:59,0,0,0
BRDA:59,0,1,4
DA:60,8
DA:63,12
BRDA:63,0,0,8
BRDA:63,0,1,4
BRDA:63,0,2,8
BRDA:63,0,3,0
BRDA:63,0,4,8
BRDA:63,0,5,4
BRDA:63,0,6,12
BRDA:63,0,7,0
BRDA:63,0,8,8
BRDA:63,0,9,4
DA:64,8
DA:65,8
BRDA:65,0,0,4
BRDA:65,0,1,4
DA:66,4
DA:70,4
DA:75,16
DA:76,16
BRDA:76,0,0,8
BRDA:76,0,1,8
DA:77,8
DA:80,8
DA:84,24
DA:86,24
DA:87,24
DA:88,24
DA:89,24
DA:90,24
BRDA:90,0,0,24
BRDA:90,0,1,0
BRDA:90,0,2,24
BRDA:90,0,3,0
BRDA:90,0,4,8
BRDA:90,0,5,16
BRDA:90,0,6,8
BRDA:90,0,7,16
DA:91,8
DA:94,16
DA:98,2448
DA:100,2448
end_of_record
